[2022-10-10T17:23:49,457] <launcher> WARN  system - reload system.properties failed: file not found
[2022-10-10T17:23:49,463] <launcher> WARN  system - reload system.properties.bk failed: file not found
[2022-10-10T17:23:49,464] <launcher> INFO  system - *** Running for the first time, creating identity ***
[2022-10-10T17:23:49,465] <launcher> INFO  system - UUID: 15cc5171-23b5-46f3-bc26-447d8200efe7
[2022-10-10T17:23:49,465] <launcher> WARN  system - reload system.properties failed: file not found
[2022-10-10T17:23:49,465] <launcher> WARN  system - reload system.properties.bk failed: file not found
[2022-10-10T17:23:49,473] <launcher> INFO  system - Reporter UUID: e13d9d2b-4741-495a-b622-023c458b7bc4
[2022-10-10T17:23:49,493] <launcher> INFO  launcher - Replacing C:\Users\Administrator\Ubiquiti UniFi\bin\UniFi.exe with C:\Users\Administrator\Ubiquiti UniFi\bin\UniFi64.exe
[2022-10-10T17:23:59,985] <launcher-ui> INFO  launcher - Initializing UniFi Network application ...
[2022-10-10T17:24:16,364] <launcher-monitor> INFO  launcher - Starting UniFi Network application ...
[2022-10-10T17:24:21,365] <launcher> WARN  system - Valid keystore is missing or invalid. Generating one ...
[2022-10-10T17:24:21,365] <launcher> INFO  system - Generating Certificate[UniFi]... please wait...
[2022-10-10T17:24:21,662] <launcher> INFO  system - Certificate[UniFi] generated!
[2022-10-10T17:24:21,694] <launcher> INFO  tomcat - Adding basic REST API support during the startup
[2022-10-10T17:24:22,365] <launcher> INFO  system - Tomcat startup took 1312ms
[2022-10-10T17:24:22,365] <launcher> INFO  db     - New installation, skipping migration
[2022-10-10T17:24:22,412] <launcher> INFO  tomcat - Adding basic REST API support during the startup
[2022-10-10T17:24:23,818] <launcher> INFO  db     - waiting for db connection...
[2022-10-10T17:24:25,662] <db-server> INFO  db     - 2022-10-10T17:24:25.669+0530 I STORAGE  [main] Engine custom option: cache_size=256M
[2022-10-10T17:24:25,662] <db-server> INFO  db     - 
[2022-10-10T17:24:25,869] <launcher> INFO  db     - Connecting to mongodb://localhost:27117
[2022-10-10T17:24:28,371] <launcher> INFO  system - ======================================================================
[2022-10-10T17:24:28,371] <launcher> INFO  system - UniFi 7.2.94 (build atag_7.2.94_18697 - release/release) is started
[2022-10-10T17:24:28,371] <launcher> INFO  system - ======================================================================
[2022-10-10T17:24:28,371] <launcher> INFO  system - BASE dir:C:\Users\Administrator\Ubiquiti UniFi
[2022-10-10T17:24:28,500] <launcher> INFO  system - Current System IP: 10.1.30.13
[2022-10-10T17:24:28,500] <launcher> INFO  system - Hostname: Computer
[2022-10-10T17:24:28,500] <launcher> INFO  system - ubic.env: prod
[2022-10-10T17:24:33,134] <launcher> INFO  productinfo - Using controller channel=RELEASE, firmware channel=RELEASE. Available controller channels=[RELEASE], available firmware channels=[RELEASE]. SSO is disabled.
[2022-10-10T17:24:34,495] <launcher> INFO  webrtc - WebRTC library version: EvoStream Media Server (www.evostream.com) build v2.9.1 - Gladiator - (built for Windows-7-x86_64 on 2020-02-05T23:30:38.000) OpenSSL version: 1.0.2q compiled on machine: Compatible Windows
[2022-10-10T17:24:35,123] <launcher> WARN  system - Country Code is not configured for Site with ID=634407f493ab15194cddc146
[2022-10-10T17:24:35,124] <launcher> WARN  system - Country Code is not configured for Site with ID=634407f493ab15194cddc146
[2022-10-10T17:24:36,022] <launcher> INFO  sdn    - Removed fingerbank token
[2022-10-10T17:24:37,782] <launcher> INFO  tomcat - systemd: Watchdog ping NOT enabled
[2022-10-10T17:24:37,782] <launcher> INFO  tomcat - systemd: Startup completed. Ready for watchdog keep-alive checking.
[2022-10-10T17:24:37,783] <launcher> WARN  system - cannot load native lib - ubnt_sdnotify_jni
[2022-10-10T17:24:37,783] <launcher> ERROR SDNotify - failed to locate ubnt_sdnotify_jni
[2022-10-10T17:24:37,802] <ModelLifecycleManager-startStop> WARN  dev    - failed to read C:\Users\Administrator\Ubiquiti UniFi\data\model_lifecycles.json - C:\Users\Administrator\Ubiquiti UniFi\data\model_lifecycles.json (The system cannot find the file specified)
[2022-10-10T17:24:38,035] <launcher-ui> INFO  launcher - UniFi Network application (7.2.94) started.
[2022-10-10T17:25:18,788] <webapi-5> WARN  api    - failed to authenticate to SSO: Cloud operation failed! RC=403, error: {"detail":"Invalid credential"}
[2022-10-10T17:25:39,897] <autoupdate-check> INFO  productinfo - firmware[USC8] new version (6.3.13.14104) is available
[2022-10-10T17:25:39,898] <autoupdate-check> INFO  productinfo - firmware[USAGGPRO] new version (6.3.13.14104) is available
[2022-10-10T17:25:39,898] <autoupdate-check> INFO  productinfo - firmware[UXSDM] new version (6.2.39.14077) is available
[2022-10-10T17:25:39,898] <autoupdate-check> INFO  productinfo - firmware[UFLHD] new version (6.2.39.14077) is available
[2022-10-10T17:25:39,898] <autoupdate-check> INFO  productinfo - firmware[USXG] new version (6.3.13.14104) is available
[2022-10-10T17:25:39,898] <autoupdate-check> INFO  productinfo - firmware[U7LT] new version (6.2.39.14077) is available
[2022-10-10T17:25:39,898] <autoupdate-check> INFO  productinfo - firmware[UXBSDM] new version (6.2.39.14077) is available
[2022-10-10T17:25:39,898] <autoupdate-check> INFO  productinfo - firmware[US24PL2] new version (6.3.13.14104) is available
[2022-10-10T17:25:39,898] <autoupdate-check> INFO  productinfo - firmware[U7PG2] new version (6.2.39.14077) is available
[2022-10-10T17:25:39,899] <autoupdate-check> INFO  productinfo - firmware[US24P500] new version (6.3.13.14104) is available
[2022-10-10T17:25:39,899] <autoupdate-check> INFO  productinfo - firmware[USF5P] new version (6.3.13.14104) is available
[2022-10-10T17:25:39,899] <autoupdate-check> INFO  productinfo - firmware[ULTEPEU] new version (6.0.14.13634) is available
[2022-10-10T17:25:39,899] <autoupdate-check> INFO  productinfo - firmware[U7IWP] new version (4.3.28.11361) is available
[2022-10-10T17:25:39,899] <autoupdate-check> INFO  productinfo - firmware[US24P250] new version (6.3.13.14104) is available
[2022-10-10T17:25:39,899] <autoupdate-check> INFO  productinfo - firmware[US48P750] new version (6.3.13.14104) is available
[2022-10-10T17:25:39,899] <autoupdate-check> INFO  productinfo - firmware[US48P500] new version (6.3.13.14104) is available
[2022-10-10T17:25:39,899] <autoupdate-check> INFO  productinfo - firmware[UAIW6] new version (6.2.39.14077) is available
[2022-10-10T17:25:39,899] <autoupdate-check> INFO  productinfo - firmware[U2Sv2] new version (4.3.28.11361) is available
[2022-10-10T17:25:39,899] <autoupdate-check> INFO  productinfo - firmware[U2HSR] new version (4.3.28.11361) is available
[2022-10-10T17:25:39,899] <autoupdate-check> INFO  productinfo - firmware[S28150] new version (6.3.13.14104) is available
[2022-10-10T17:25:39,899] <autoupdate-check> INFO  productinfo - firmware[US8P150] new version (6.3.13.14104) is available
[2022-10-10T17:25:39,900] <autoupdate-check> INFO  productinfo - firmware[U7LR] new version (6.2.39.14077) is available
[2022-10-10T17:25:39,900] <autoupdate-check> INFO  productinfo - firmware[U6EXT] new version (6.2.39.14077) is available
[2022-10-10T17:25:39,900] <autoupdate-check> INFO  productinfo - firmware[UAE6] new version (6.2.39.14077) is available
[2022-10-10T17:25:39,900] <autoupdate-check> INFO  productinfo - firmware[UALR6] new version (6.2.39.14077) is available
[2022-10-10T17:25:39,900] <autoupdate-check> INFO  productinfo - firmware[USL8LP] new version (6.3.13.14104) is available
[2022-10-10T17:25:39,900] <autoupdate-check> INFO  productinfo - firmware[US48] new version (6.3.13.14104) is available
[2022-10-10T17:25:39,900] <autoupdate-check> INFO  productinfo - firmware[US48PRO] new version (6.3.13.14104) is available
[2022-10-10T17:25:39,900] <autoupdate-check> INFO  productinfo - firmware[U2IW] new version (4.3.28.11361) is available
[2022-10-10T17:25:39,900] <autoupdate-check> INFO  productinfo - firmware[U7HD] new version (6.2.39.14077) is available
[2022-10-10T17:25:39,900] <autoupdate-check> INFO  productinfo - firmware[UCKP] new version (2.1.11.a7986ca) is available
[2022-10-10T17:25:39,901] <autoupdate-check> INFO  productinfo - firmware[USC8P450] new version (6.3.13.14104) is available
[2022-10-10T17:25:39,901] <autoupdate-check> INFO  productinfo - firmware[S216150] new version (6.3.13.14104) is available
[2022-10-10T17:25:39,901] <autoupdate-check> INFO  productinfo - firmware[S248750] new version (6.3.13.14104) is available
[2022-10-10T17:25:39,901] <autoupdate-check> INFO  productinfo - firmware[BZ2LR] new version (4.3.28.11361) is available
[2022-10-10T17:25:39,901] <autoupdate-check> INFO  productinfo - firmware[USL48] new version (6.3.13.14104) is available
[2022-10-10T17:25:39,901] <autoupdate-check> INFO  productinfo - firmware[UAP6MP] new version (6.2.39.14077) is available
[2022-10-10T17:25:39,901] <autoupdate-check> INFO  productinfo - firmware[UCKG2] new version (2.1.11.a7986ca) is available
[2022-10-10T17:25:39,901] <autoupdate-check> INFO  productinfo - firmware[UDM] new version (1.12.30.4325) is available
[2022-10-10T17:25:39,901] <autoupdate-check> INFO  productinfo - firmware[ULTEPUS] new version (6.2.34.14032) is available
[2022-10-10T17:25:39,901] <autoupdate-check> INFO  productinfo - firmware[USL8MP] new version (6.3.13.14104) is available
[2022-10-10T17:25:39,901] <autoupdate-check> INFO  productinfo - firmware[US8P60] new version (6.3.13.14104) is available
[2022-10-10T17:25:39,901] <autoupdate-check> INFO  productinfo - firmware[USL24P] new version (6.3.13.14104) is available
[2022-10-10T17:25:39,902] <autoupdate-check> INFO  productinfo - firmware[US24PRO2] new version (6.3.13.14104) is available
[2022-10-10T17:25:39,902] <autoupdate-check> INFO  productinfo - firmware[UCXG] new version (6.2.39.14077) is available
[2022-10-10T17:25:39,902] <autoupdate-check> INFO  productinfo - firmware[S224500] new version (6.3.13.14104) is available
[2022-10-10T17:25:39,902] <autoupdate-check> INFO  productinfo - firmware[US48PL2] new version (6.3.13.14104) is available
[2022-10-10T17:25:39,902] <autoupdate-check> INFO  productinfo - firmware[UHDIW] new version (6.2.39.14077) is available
[2022-10-10T17:25:39,902] <autoupdate-check> INFO  productinfo - firmware[U7P] new version (4.3.28.11361) is available
[2022-10-10T17:25:39,902] <autoupdate-check> INFO  productinfo - firmware[S224250] new version (6.3.13.14104) is available
[2022-10-10T17:25:39,902] <autoupdate-check> INFO  productinfo - firmware[U5O] new version (4.3.28.11361) is available
[2022-10-10T17:25:39,902] <autoupdate-check> INFO  productinfo - firmware[USXG24] new version (6.3.13.14104) is available
[2022-10-10T17:25:39,902] <autoupdate-check> INFO  productinfo - firmware[ULTE] new version (6.0.14.13634) is available
[2022-10-10T17:25:39,902] <autoupdate-check> INFO  productinfo - firmware[USFXG] new version (6.3.13.14104) is available
[2022-10-10T17:25:39,902] <autoupdate-check> INFO  productinfo - firmware[USL48P] new version (6.3.13.14104) is available
[2022-10-10T17:25:39,903] <autoupdate-check> INFO  productinfo - firmware[UDMPRO] new version (1.12.30.4325) is available
[2022-10-10T17:25:39,903] <autoupdate-check> INFO  productinfo - firmware[UGWXG] new version (4.4.56.5449066) is available
[2022-10-10T17:25:39,903] <autoupdate-check> INFO  productinfo - firmware[U6M] new version (6.2.39.14077) is available
[2022-10-10T17:25:39,903] <autoupdate-check> INFO  productinfo - firmware[USL16LP] new version (6.3.13.14104) is available
[2022-10-10T17:25:39,903] <autoupdate-check> INFO  productinfo - firmware[USPPDUP] new version (6.3.13.14104) is available
[2022-10-10T17:25:39,903] <autoupdate-check> INFO  productinfo - firmware[U7SHD] new version (6.2.39.14077) is available
[2022-10-10T17:25:39,903] <autoupdate-check> INFO  productinfo - firmware[US624P] new version (6.3.13.14104) is available
[2022-10-10T17:25:39,903] <autoupdate-check> INFO  productinfo - firmware[US8] new version (6.3.13.14104) is available
[2022-10-10T17:25:39,903] <autoupdate-check> INFO  productinfo - firmware[US24] new version (6.3.13.14104) is available
[2022-10-10T17:25:39,903] <autoupdate-check> INFO  productinfo - firmware[USL8A] new version (6.3.13.14104) is available
[2022-10-10T17:25:39,903] <autoupdate-check> INFO  productinfo - firmware[USPRPS] new version (6.3.13.14104) is available
[2022-10-10T17:25:39,903] <autoupdate-check> INFO  productinfo - firmware[USL48PB] new version (6.3.13.14104) is available
[2022-10-10T17:25:39,904] <autoupdate-check> INFO  productinfo - firmware[USL8LPB] new version (6.3.13.14104) is available
[2022-10-10T17:25:39,904] <autoupdate-check> INFO  productinfo - firmware[US6XG150] new version (6.3.13.14104) is available
[2022-10-10T17:25:39,904] <autoupdate-check> INFO  productinfo - firmware[UXGPRO] new version (1.13.6.4574) is available
[2022-10-10T17:25:39,904] <autoupdate-check> INFO  productinfo - firmware[UAM6] new version (6.2.39.14077) is available
[2022-10-10T17:25:39,904] <autoupdate-check> INFO  productinfo - firmware[UDMB] new version (6.2.39.14077) is available
[2022-10-10T17:25:39,904] <autoupdate-check> INFO  productinfo - firmware[U7MSH] new version (6.2.39.14077) is available
[2022-10-10T17:25:39,904] <autoupdate-check> INFO  productinfo - firmware[U7NHD] new version (6.2.39.14077) is available
[2022-10-10T17:25:39,904] <autoupdate-check> INFO  productinfo - firmware[UGW3] new version (4.4.56.5449062) is available
[2022-10-10T17:25:39,904] <autoupdate-check> INFO  productinfo - firmware[US16P150] new version (6.3.13.14104) is available
[2022-10-10T17:25:39,904] <autoupdate-check> INFO  productinfo - firmware[U2O] new version (4.3.28.11361) is available
[2022-10-10T17:25:39,904] <autoupdate-check> INFO  productinfo - firmware[U7MP] new version (6.2.39.14077) is available
[2022-10-10T17:25:39,904] <autoupdate-check> INFO  productinfo - firmware[U2Lv2] new version (4.3.28.11361) is available
[2022-10-10T17:25:39,905] <autoupdate-check> INFO  productinfo - firmware[UGW4] new version (4.4.56.5449062) is available
[2022-10-10T17:25:39,905] <autoupdate-check> INFO  productinfo - firmware[USL24] new version (6.3.13.14104) is available
[2022-10-10T17:25:39,905] <autoupdate-check> INFO  productinfo - firmware[USMINI] new version (1.8.6.694) is available
[2022-10-10T17:25:39,905] <autoupdate-check> INFO  productinfo - firmware[US68P] new version (6.3.13.14104) is available
[2022-10-10T17:25:39,905] <autoupdate-check> INFO  productinfo - firmware[US48PRO2] new version (6.3.13.14104) is available
[2022-10-10T17:25:39,905] <autoupdate-check> INFO  productinfo - firmware[US24PRO] new version (6.3.13.14104) is available
[2022-10-10T17:25:39,905] <autoupdate-check> INFO  productinfo - firmware[S248500] new version (6.3.13.14104) is available
[2022-10-10T17:25:39,905] <autoupdate-check> INFO  productinfo - firmware[U7IW] new version (6.2.39.14077) is available
[2022-10-10T17:25:39,905] <autoupdate-check> INFO  productinfo - firmware[UBB] new version (2.1.3.31) is available
[2022-10-10T17:25:39,905] <autoupdate-check> INFO  productinfo - firmware[BZ2] new version (4.3.28.11361) is available
[2022-10-10T17:25:39,905] <autoupdate-check> INFO  productinfo - firmware[U6ENT] new version (6.2.39.14077) is available
[2022-10-10T17:25:39,905] <autoupdate-check> INFO  productinfo - firmware[US648P] new version (6.3.13.14104) is available
[2022-10-10T17:25:39,905] <autoupdate-check> INFO  productinfo - firmware[USL48B] new version (6.3.13.14104) is available
[2022-10-10T17:25:39,906] <autoupdate-check> INFO  productinfo - firmware[UALR6v2] new version (6.2.39.14077) is available
[2022-10-10T17:25:39,906] <autoupdate-check> INFO  productinfo - firmware[U6IW] new version (6.2.39.14077) is available
[2022-10-10T17:25:39,906] <autoupdate-check> INFO  productinfo - firmware[USL16LPB] new version (6.3.13.14104) is available
[2022-10-10T17:25:39,906] <autoupdate-check> INFO  productinfo - firmware[U7EDU] new version (4.3.28.11361) is available
[2022-10-10T17:25:39,906] <autoupdate-check> INFO  productinfo - firmware[UAL6] new version (6.2.39.14077) is available
[2022-10-10T17:25:39,906] <autoupdate-check> INFO  productinfo - firmware[USL16P] new version (6.3.13.14104) is available
[2022-10-10T17:25:39,906] <autoupdate-check> INFO  productinfo - firmware[UCK] new version (1.1.19.f4a17b0) is available
[2022-10-10T17:25:39,906] <autoupdate-check> INFO  productinfo - firmware[USL16PB] new version (6.3.13.14104) is available
[2022-10-10T17:25:39,906] <autoupdate-check> INFO  productinfo - firmware[USL24PB] new version (6.3.13.14104) is available
[2022-10-10T17:25:39,907] <autoupdate-check> INFO  productinfo - firmware[U6ENTIW] new version (6.2.39.14077) is available
[2022-10-10T17:25:39,907] <autoupdate-check> INFO  productinfo - firmware[USL24B] new version (6.3.13.14104) is available
[2022-10-10T17:25:39,907] <autoupdate-check> INFO  productinfo - firmware[USPRPSP] new version (6.3.13.14104) is available
[2022-10-10T17:25:39,907] <autoupdate-check> INFO  productinfo - firmware[UBBXG] new version (1.0.10.284) is available
[2022-10-10T17:25:39,907] <autoupdate-check> INFO  productinfo - firmware[UP6] new version (2.2.1.511) is available
[2022-10-10T17:25:39,907] <autoupdate-check> INFO  productinfo - firmware[UP1] new version (2.2.1.511) is available
[2023-03-22T12:01:03,687] <launcher-ui> INFO  launcher - Initializing UniFi Network application ...
